<?xml version="1.0" encoding="UTF-8"?>
<testsuite name="ClientTest" tests="9" skipped="0" failures="0" errors="0" timestamp="2017-06-20T23:41:13" hostname="BiggWilly" time="0.279">
  <properties/>
  <testcase name="save_savesNewClient_true" classname="ClientTest" time="0.091"/>
  <testcase name="getName_returnsCorrectName_true" classname="ClientTest" time="0.005"/>
  <testcase name="client_instantiatesCorrectly_true" classname="ClientTest" time="0.005"/>
  <testcase name="all_findsAllClients_true" classname="ClientTest" time="0.033"/>
  <testcase name="find_findsClient_true" classname="ClientTest" time="0.033"/>
  <testcase name="getId_returnsClientId_true" classname="ClientTest" time="0.022"/>
  <testcase name="delete_deletesAllClients" classname="ClientTest" time="0.032"/>
  <testcase name="getEmail_returnsCorrectEmail_true" classname="ClientTest" time="0.005"/>
  <testcase name="editClient_editsClients_true" classname="ClientTest" time="0.048"/>
  <system-out><![CDATA[]]></system-out>
  <system-err><![CDATA[]]></system-err>
</testsuite>
